[debug] [2024-12-22T08:48:52.397Z] ----------------------------------------------------------------------
[debug] [2024-12-22T08:48:52.400Z] Command:       C:\Program Files\nodejs\node.exe C:\Users\phani\AppData\Roaming\npm\node_modules\firebase-tools\lib\bin\firebase.js init
[debug] [2024-12-22T08:48:52.401Z] CLI Version:   13.29.1
[debug] [2024-12-22T08:48:52.401Z] Platform:      win32
[debug] [2024-12-22T08:48:52.401Z] Node Version:  v20.18.0
[debug] [2024-12-22T08:48:52.402Z] Time:          Sun Dec 22 2024 14:18:52 GMT+0530 (India Standard Time)
[debug] [2024-12-22T08:48:52.402Z] ----------------------------------------------------------------------
[debug] 
[debug] [2024-12-22T08:48:52.410Z] > command requires scopes: ["email","openid","https://www.googleapis.com/auth/cloudplatformprojects.readonly","https://www.googleapis.com/auth/firebase","https://www.googleapis.com/auth/cloud-platform"]
[debug] [2024-12-22T08:48:52.410Z] > authorizing via signed-in user (de-lit.club@rguktrkv.ac.in)
[info] 
     ######## #### ########  ######## ########     ###     ######  ########
     ##        ##  ##     ## ##       ##     ##  ##   ##  ##       ##
     ######    ##  ########  ######   ########  #########  ######  ######
     ##        ##  ##    ##  ##       ##     ## ##     ##       ## ##
     ##       #### ##     ## ######## ########  ##     ##  ######  ########

You're about to initialize a Firebase project in this directory:

  C:\Users\phani\Projects\de-lit-backend

[info] 
=== Project Setup
[info] 
[info] First, let's associate this project directory with a Firebase project.
[info] You can create multiple project aliases by running firebase use --add, 
[info] but for now we'll just set up a default project.
[info] 
[debug] [2024-12-22T08:50:14.499Z] Checked if tokens are valid: true, expires at: 1734860917894
[debug] [2024-12-22T08:50:14.499Z] Checked if tokens are valid: true, expires at: 1734860917894
[debug] [2024-12-22T08:50:14.501Z] >>> [apiv2][query] GET https://firebase.googleapis.com/v1beta1/projects pageSize=100
[debug] [2024-12-22T08:50:17.568Z] <<< [apiv2][status] GET https://firebase.googleapis.com/v1beta1/projects 200
[debug] [2024-12-22T08:50:17.568Z] <<< [apiv2][body] GET https://firebase.googleapis.com/v1beta1/projects [omitted]
[info] i  Using project de-lit-web (De-Lit-web) 
[info] 
=== Dataconnect Setup
[debug] [2024-12-22T08:50:20.354Z] Checked if tokens are valid: true, expires at: 1734860917894
[debug] [2024-12-22T08:50:20.354Z] Checked if tokens are valid: true, expires at: 1734860917894
[debug] [2024-12-22T08:50:20.354Z] >>> [apiv2][query] GET https://cloudbilling.googleapis.com/v1/projects/de-lit-web/billingInfo [none]
[debug] [2024-12-22T08:50:23.042Z] <<< [apiv2][status] GET https://cloudbilling.googleapis.com/v1/projects/de-lit-web/billingInfo 200
[debug] [2024-12-22T08:50:23.042Z] <<< [apiv2][body] GET https://cloudbilling.googleapis.com/v1/projects/de-lit-web/billingInfo {"name":"projects/de-lit-web/billingInfo","projectId":"de-lit-web","billingAccountName":"billingAccounts/01DB0C-CE9ABB-A1722E","billingEnabled":true}
[info] i  dataconnect: ensuring required API firebasedataconnect.googleapis.com is enabled... 
[debug] [2024-12-22T08:50:23.043Z] Checked if tokens are valid: true, expires at: 1734860917894
[debug] [2024-12-22T08:50:23.043Z] Checked if tokens are valid: true, expires at: 1734860917894
[debug] [2024-12-22T08:50:23.044Z] >>> [apiv2][query] GET https://serviceusage.googleapis.com/v1/projects/de-lit-web/services/firebasedataconnect.googleapis.com [none]
[debug] [2024-12-22T08:50:23.044Z] >>> [apiv2][(partial)header] GET https://serviceusage.googleapis.com/v1/projects/de-lit-web/services/firebasedataconnect.googleapis.com x-goog-quota-user=projects/de-lit-web
[debug] [2024-12-22T08:50:25.564Z] <<< [apiv2][status] GET https://serviceusage.googleapis.com/v1/projects/de-lit-web/services/firebasedataconnect.googleapis.com 200
[debug] [2024-12-22T08:50:25.565Z] <<< [apiv2][body] GET https://serviceusage.googleapis.com/v1/projects/de-lit-web/services/firebasedataconnect.googleapis.com [omitted]
[warn] !  dataconnect: missing required API firebasedataconnect.googleapis.com. Enabling now... 
[debug] [2024-12-22T08:50:25.566Z] Checked if tokens are valid: true, expires at: 1734860917894
[debug] [2024-12-22T08:50:25.566Z] Checked if tokens are valid: true, expires at: 1734860917894
[debug] [2024-12-22T08:50:25.566Z] >>> [apiv2][query] POST https://serviceusage.googleapis.com/v1/projects/de-lit-web/services/firebasedataconnect.googleapis.com:enable [none]
[debug] [2024-12-22T08:50:25.566Z] >>> [apiv2][(partial)header] POST https://serviceusage.googleapis.com/v1/projects/de-lit-web/services/firebasedataconnect.googleapis.com:enable x-goog-quota-user=projects/de-lit-web
[debug] [2024-12-22T08:50:28.207Z] <<< [apiv2][status] POST https://serviceusage.googleapis.com/v1/projects/de-lit-web/services/firebasedataconnect.googleapis.com:enable 200
[debug] [2024-12-22T08:50:28.208Z] <<< [apiv2][body] POST https://serviceusage.googleapis.com/v1/projects/de-lit-web/services/firebasedataconnect.googleapis.com:enable [omitted]
[debug] [2024-12-22T08:50:38.217Z] Checked if tokens are valid: true, expires at: 1734860917894
[debug] [2024-12-22T08:50:38.217Z] Checked if tokens are valid: true, expires at: 1734860917894
[debug] [2024-12-22T08:50:38.218Z] >>> [apiv2][query] GET https://serviceusage.googleapis.com/v1/projects/de-lit-web/services/firebasedataconnect.googleapis.com [none]
[debug] [2024-12-22T08:50:38.218Z] >>> [apiv2][(partial)header] GET https://serviceusage.googleapis.com/v1/projects/de-lit-web/services/firebasedataconnect.googleapis.com x-goog-quota-user=projects/de-lit-web
[debug] [2024-12-22T08:50:40.747Z] <<< [apiv2][status] GET https://serviceusage.googleapis.com/v1/projects/de-lit-web/services/firebasedataconnect.googleapis.com 200
[debug] [2024-12-22T08:50:40.747Z] <<< [apiv2][body] GET https://serviceusage.googleapis.com/v1/projects/de-lit-web/services/firebasedataconnect.googleapis.com [omitted]
[info] +  dataconnect: required API firebasedataconnect.googleapis.com is enabled 
[info] i  dataconnect: ensuring required API sqladmin.googleapis.com is enabled... 
[debug] [2024-12-22T08:50:40.753Z] Checked if tokens are valid: true, expires at: 1734860917894
[debug] [2024-12-22T08:50:40.753Z] Checked if tokens are valid: true, expires at: 1734860917894
[debug] [2024-12-22T08:50:40.753Z] >>> [apiv2][query] GET https://serviceusage.googleapis.com/v1/projects/de-lit-web/services/sqladmin.googleapis.com [none]
[debug] [2024-12-22T08:50:40.753Z] >>> [apiv2][(partial)header] GET https://serviceusage.googleapis.com/v1/projects/de-lit-web/services/sqladmin.googleapis.com x-goog-quota-user=projects/de-lit-web
[debug] [2024-12-22T08:50:42.543Z] <<< [apiv2][status] GET https://serviceusage.googleapis.com/v1/projects/de-lit-web/services/sqladmin.googleapis.com 200
[debug] [2024-12-22T08:50:42.544Z] <<< [apiv2][body] GET https://serviceusage.googleapis.com/v1/projects/de-lit-web/services/sqladmin.googleapis.com [omitted]
[warn] !  dataconnect: missing required API sqladmin.googleapis.com. Enabling now... 
[debug] [2024-12-22T08:50:42.544Z] Checked if tokens are valid: true, expires at: 1734860917894
[debug] [2024-12-22T08:50:42.544Z] Checked if tokens are valid: true, expires at: 1734860917894
[debug] [2024-12-22T08:50:42.545Z] >>> [apiv2][query] POST https://serviceusage.googleapis.com/v1/projects/de-lit-web/services/sqladmin.googleapis.com:enable [none]
[debug] [2024-12-22T08:50:42.545Z] >>> [apiv2][(partial)header] POST https://serviceusage.googleapis.com/v1/projects/de-lit-web/services/sqladmin.googleapis.com:enable x-goog-quota-user=projects/de-lit-web
[debug] [2024-12-22T08:50:43.531Z] <<< [apiv2][status] POST https://serviceusage.googleapis.com/v1/projects/de-lit-web/services/sqladmin.googleapis.com:enable 200
[debug] [2024-12-22T08:50:43.531Z] <<< [apiv2][body] POST https://serviceusage.googleapis.com/v1/projects/de-lit-web/services/sqladmin.googleapis.com:enable [omitted]
[debug] [2024-12-22T08:50:53.540Z] Checked if tokens are valid: true, expires at: 1734860917894
[debug] [2024-12-22T08:50:53.541Z] Checked if tokens are valid: true, expires at: 1734860917894
[debug] [2024-12-22T08:50:53.541Z] >>> [apiv2][query] GET https://serviceusage.googleapis.com/v1/projects/de-lit-web/services/sqladmin.googleapis.com [none]
[debug] [2024-12-22T08:50:53.541Z] >>> [apiv2][(partial)header] GET https://serviceusage.googleapis.com/v1/projects/de-lit-web/services/sqladmin.googleapis.com x-goog-quota-user=projects/de-lit-web
[debug] [2024-12-22T08:50:55.558Z] <<< [apiv2][status] GET https://serviceusage.googleapis.com/v1/projects/de-lit-web/services/sqladmin.googleapis.com 200
[debug] [2024-12-22T08:50:55.558Z] <<< [apiv2][body] GET https://serviceusage.googleapis.com/v1/projects/de-lit-web/services/sqladmin.googleapis.com [omitted]
[info] +  dataconnect: required API sqladmin.googleapis.com is enabled 
[info] i  dataconnect: ensuring required API compute.googleapis.com is enabled... 
[debug] [2024-12-22T08:50:55.563Z] Checked if tokens are valid: true, expires at: 1734860917894
[debug] [2024-12-22T08:50:55.563Z] Checked if tokens are valid: true, expires at: 1734860917894
[debug] [2024-12-22T08:50:55.564Z] >>> [apiv2][query] GET https://serviceusage.googleapis.com/v1/projects/de-lit-web/services/compute.googleapis.com [none]
[debug] [2024-12-22T08:50:55.564Z] >>> [apiv2][(partial)header] GET https://serviceusage.googleapis.com/v1/projects/de-lit-web/services/compute.googleapis.com x-goog-quota-user=projects/de-lit-web
[debug] [2024-12-22T08:50:56.844Z] <<< [apiv2][status] GET https://serviceusage.googleapis.com/v1/projects/de-lit-web/services/compute.googleapis.com 200
[debug] [2024-12-22T08:50:56.844Z] <<< [apiv2][body] GET https://serviceusage.googleapis.com/v1/projects/de-lit-web/services/compute.googleapis.com [omitted]
[warn] !  dataconnect: missing required API compute.googleapis.com. Enabling now... 
[debug] [2024-12-22T08:50:56.845Z] Checked if tokens are valid: true, expires at: 1734860917894
[debug] [2024-12-22T08:50:56.845Z] Checked if tokens are valid: true, expires at: 1734860917894
[debug] [2024-12-22T08:50:56.845Z] >>> [apiv2][query] POST https://serviceusage.googleapis.com/v1/projects/de-lit-web/services/compute.googleapis.com:enable [none]
[debug] [2024-12-22T08:50:56.845Z] >>> [apiv2][(partial)header] POST https://serviceusage.googleapis.com/v1/projects/de-lit-web/services/compute.googleapis.com:enable x-goog-quota-user=projects/de-lit-web
[debug] [2024-12-22T08:51:01.077Z] <<< [apiv2][status] POST https://serviceusage.googleapis.com/v1/projects/de-lit-web/services/compute.googleapis.com:enable 200
[debug] [2024-12-22T08:51:01.077Z] <<< [apiv2][body] POST https://serviceusage.googleapis.com/v1/projects/de-lit-web/services/compute.googleapis.com:enable [omitted]
[debug] [2024-12-22T08:51:11.091Z] Checked if tokens are valid: true, expires at: 1734860917894
[debug] [2024-12-22T08:51:11.092Z] Checked if tokens are valid: true, expires at: 1734860917894
[debug] [2024-12-22T08:51:11.092Z] >>> [apiv2][query] GET https://serviceusage.googleapis.com/v1/projects/de-lit-web/services/compute.googleapis.com [none]
[debug] [2024-12-22T08:51:11.093Z] >>> [apiv2][(partial)header] GET https://serviceusage.googleapis.com/v1/projects/de-lit-web/services/compute.googleapis.com x-goog-quota-user=projects/de-lit-web
[debug] [2024-12-22T08:51:15.967Z] <<< [apiv2][status] GET https://serviceusage.googleapis.com/v1/projects/de-lit-web/services/compute.googleapis.com 200
[debug] [2024-12-22T08:51:15.967Z] <<< [apiv2][body] GET https://serviceusage.googleapis.com/v1/projects/de-lit-web/services/compute.googleapis.com [omitted]
[info] i  dataconnect: waiting for API compute.googleapis.com to activate... 
[debug] [2024-12-22T08:51:25.969Z] Checked if tokens are valid: true, expires at: 1734860917894
[debug] [2024-12-22T08:51:25.970Z] Checked if tokens are valid: true, expires at: 1734860917894
[debug] [2024-12-22T08:51:25.970Z] >>> [apiv2][query] GET https://serviceusage.googleapis.com/v1/projects/de-lit-web/services/compute.googleapis.com [none]
[debug] [2024-12-22T08:51:25.970Z] >>> [apiv2][(partial)header] GET https://serviceusage.googleapis.com/v1/projects/de-lit-web/services/compute.googleapis.com x-goog-quota-user=projects/de-lit-web
[debug] [2024-12-22T08:51:29.871Z] <<< [apiv2][status] GET https://serviceusage.googleapis.com/v1/projects/de-lit-web/services/compute.googleapis.com 200
[debug] [2024-12-22T08:51:29.872Z] <<< [apiv2][body] GET https://serviceusage.googleapis.com/v1/projects/de-lit-web/services/compute.googleapis.com [omitted]
[info] i  dataconnect: waiting for API compute.googleapis.com to activate... 
[debug] [2024-12-22T08:51:39.886Z] Checked if tokens are valid: true, expires at: 1734860917894
[debug] [2024-12-22T08:51:39.887Z] Checked if tokens are valid: true, expires at: 1734860917894
[debug] [2024-12-22T08:51:39.887Z] >>> [apiv2][query] GET https://serviceusage.googleapis.com/v1/projects/de-lit-web/services/compute.googleapis.com [none]
[debug] [2024-12-22T08:51:39.887Z] >>> [apiv2][(partial)header] GET https://serviceusage.googleapis.com/v1/projects/de-lit-web/services/compute.googleapis.com x-goog-quota-user=projects/de-lit-web
[debug] [2024-12-22T08:51:42.916Z] <<< [apiv2][status] GET https://serviceusage.googleapis.com/v1/projects/de-lit-web/services/compute.googleapis.com 200
[debug] [2024-12-22T08:51:42.916Z] <<< [apiv2][body] GET https://serviceusage.googleapis.com/v1/projects/de-lit-web/services/compute.googleapis.com [omitted]
[info] i  dataconnect: waiting for API compute.googleapis.com to activate... 
[debug] [2024-12-22T08:51:52.931Z] Checked if tokens are valid: true, expires at: 1734860917894
[debug] [2024-12-22T08:51:52.931Z] Checked if tokens are valid: true, expires at: 1734860917894
[debug] [2024-12-22T08:51:52.931Z] >>> [apiv2][query] GET https://serviceusage.googleapis.com/v1/projects/de-lit-web/services/compute.googleapis.com [none]
[debug] [2024-12-22T08:51:52.932Z] >>> [apiv2][(partial)header] GET https://serviceusage.googleapis.com/v1/projects/de-lit-web/services/compute.googleapis.com x-goog-quota-user=projects/de-lit-web
[debug] [2024-12-22T08:51:55.948Z] <<< [apiv2][status] GET https://serviceusage.googleapis.com/v1/projects/de-lit-web/services/compute.googleapis.com 200
[debug] [2024-12-22T08:51:55.948Z] <<< [apiv2][body] GET https://serviceusage.googleapis.com/v1/projects/de-lit-web/services/compute.googleapis.com [omitted]
[info] i  dataconnect: waiting for API compute.googleapis.com to activate... 
[debug] [2024-12-22T08:52:05.956Z] Checked if tokens are valid: true, expires at: 1734860917894
[debug] [2024-12-22T08:52:05.956Z] Checked if tokens are valid: true, expires at: 1734860917894
[debug] [2024-12-22T08:52:05.957Z] >>> [apiv2][query] GET https://serviceusage.googleapis.com/v1/projects/de-lit-web/services/compute.googleapis.com [none]
[debug] [2024-12-22T08:52:05.957Z] >>> [apiv2][(partial)header] GET https://serviceusage.googleapis.com/v1/projects/de-lit-web/services/compute.googleapis.com x-goog-quota-user=projects/de-lit-web
[debug] [2024-12-22T08:52:09.039Z] <<< [apiv2][status] GET https://serviceusage.googleapis.com/v1/projects/de-lit-web/services/compute.googleapis.com 200
[debug] [2024-12-22T08:52:09.039Z] <<< [apiv2][body] GET https://serviceusage.googleapis.com/v1/projects/de-lit-web/services/compute.googleapis.com [omitted]
[info] i  dataconnect: waiting for API compute.googleapis.com to activate... 
[debug] [2024-12-22T08:52:19.052Z] Checked if tokens are valid: true, expires at: 1734860917894
[debug] [2024-12-22T08:52:19.053Z] Checked if tokens are valid: true, expires at: 1734860917894
[debug] [2024-12-22T08:52:19.053Z] >>> [apiv2][query] GET https://serviceusage.googleapis.com/v1/projects/de-lit-web/services/compute.googleapis.com [none]
[debug] [2024-12-22T08:52:19.053Z] >>> [apiv2][(partial)header] GET https://serviceusage.googleapis.com/v1/projects/de-lit-web/services/compute.googleapis.com x-goog-quota-user=projects/de-lit-web
[debug] [2024-12-22T08:52:22.629Z] <<< [apiv2][status] GET https://serviceusage.googleapis.com/v1/projects/de-lit-web/services/compute.googleapis.com 200
[debug] [2024-12-22T08:52:22.629Z] <<< [apiv2][body] GET https://serviceusage.googleapis.com/v1/projects/de-lit-web/services/compute.googleapis.com [omitted]
[info] +  dataconnect: required API compute.googleapis.com is enabled 
[debug] [2024-12-22T08:52:22.635Z] Checked if tokens are valid: true, expires at: 1734860917894
[debug] [2024-12-22T08:52:22.635Z] Checked if tokens are valid: true, expires at: 1734860917894
[debug] [2024-12-22T08:52:22.635Z] >>> [apiv2][query] GET https://firebasedataconnect.googleapis.com/v1beta/projects/de-lit-web/locations/-/services [none]
[debug] [2024-12-22T08:52:24.768Z] <<< [apiv2][status] GET https://firebasedataconnect.googleapis.com/v1beta/projects/de-lit-web/locations/-/services 200
[debug] [2024-12-22T08:52:24.769Z] <<< [apiv2][body] GET https://firebasedataconnect.googleapis.com/v1beta/projects/de-lit-web/locations/-/services {}
[debug] [2024-12-22T08:52:39.100Z] Checked if tokens are valid: true, expires at: 1734860917894
[debug] [2024-12-22T08:52:39.100Z] Checked if tokens are valid: true, expires at: 1734860917894
[debug] [2024-12-22T08:52:39.100Z] >>> [apiv2][query] GET https://sqladmin.googleapis.com/v1/projects/de-lit-web/instances [none]
[debug] [2024-12-22T08:52:40.619Z] <<< [apiv2][status] GET https://sqladmin.googleapis.com/v1/projects/de-lit-web/instances 200
[debug] [2024-12-22T08:52:40.619Z] <<< [apiv2][body] GET https://sqladmin.googleapis.com/v1/projects/de-lit-web/instances {}
[debug] [2024-12-22T08:52:44.796Z] Checked if tokens are valid: true, expires at: 1734860917894
[debug] [2024-12-22T08:52:44.797Z] Checked if tokens are valid: true, expires at: 1734860917894
[debug] [2024-12-22T08:52:44.797Z] >>> [apiv2][query] GET https://firebasedataconnect.googleapis.com/v1beta/projects/de-lit-web/locations [none]
[debug] [2024-12-22T08:52:46.650Z] <<< [apiv2][status] GET https://firebasedataconnect.googleapis.com/v1beta/projects/de-lit-web/locations 200
[debug] [2024-12-22T08:52:46.651Z] <<< [apiv2][body] GET https://firebasedataconnect.googleapis.com/v1beta/projects/de-lit-web/locations {"locations":[{"name":"projects/de-lit-web/locations/asia-east1","locationId":"asia-east1","displayName":"Taiwan"},{"name":"projects/de-lit-web/locations/asia-east2","locationId":"asia-east2","displayName":"Hong Kong"},{"name":"projects/de-lit-web/locations/asia-northeast1","locationId":"asia-northeast1","displayName":"Tokyo"},{"name":"projects/de-lit-web/locations/asia-northeast2","locationId":"asia-northeast2","displayName":"Osaka"},{"name":"projects/de-lit-web/locations/asia-northeast3","locationId":"asia-northeast3","displayName":"Seoul"},{"name":"projects/de-lit-web/locations/asia-south1","locationId":"asia-south1","displayName":"Mumbai"},{"name":"projects/de-lit-web/locations/asia-southeast1","locationId":"asia-southeast1","displayName":"Singapore"},{"name":"projects/de-lit-web/locations/asia-southeast2","locationId":"asia-southeast2","displayName":"Jakarta"},{"name":"projects/de-lit-web/locations/australia-southeast1","locationId":"australia-southeast1","displayName":"Sydney"},{"name":"projects/de-lit-web/locations/australia-southeast2","locationId":"australia-southeast2","displayName":"Melbourne"},{"name":"projects/de-lit-web/locations/europe-central2","locationId":"europe-central2","displayName":"Warsaw"},{"name":"projects/de-lit-web/locations/europe-north1","locationId":"europe-north1","displayName":"Finland"},{"name":"projects/de-lit-web/locations/europe-southwest1","locationId":"europe-southwest1","displayName":"Madrid"},{"name":"projects/de-lit-web/locations/europe-west1","locationId":"europe-west1","displayName":"Belgium"},{"name":"projects/de-lit-web/locations/europe-west2","locationId":"europe-west2","displayName":"London"},{"name":"projects/de-lit-web/locations/europe-west3","locationId":"europe-west3","displayName":"Frankfurt"},{"name":"projects/de-lit-web/locations/europe-west4","locationId":"europe-west4","displayName":"Netherlands"},{"name":"projects/de-lit-web/locations/europe-west6","locationId":"europe-west6","displayName":"Zurich"},{"name":"projects/de-lit-web/locations/europe-west8","locationId":"europe-west8","displayName":"Milan"},{"name":"projects/de-lit-web/locations/europe-west9","locationId":"europe-west9","displayName":"Paris"},{"name":"projects/de-lit-web/locations/me-west1","locationId":"me-west1","displayName":"Tel Aviv"},{"name":"projects/de-lit-web/locations/northamerica-northeast1","locationId":"northamerica-northeast1","displayName":"Montréal"},{"name":"projects/de-lit-web/locations/northamerica-northeast2","locationId":"northamerica-northeast2","displayName":"Toronto"},{"name":"projects/de-lit-web/locations/southamerica-east1","locationId":"southamerica-east1","displayName":"São Paulo"},{"name":"projects/de-lit-web/locations/southamerica-west1","locationId":"southamerica-west1","displayName":"Santiago"},{"name":"projects/de-lit-web/locations/us-central1","locationId":"us-central1","displayName":"Iowa"},{"name":"projects/de-lit-web/locations/us-east1","locationId":"us-east1","displayName":"South Carolina"},{"name":"projects/de-lit-web/locations/us-east4","locationId":"us-east4","displayName":"Northern Virginia"},{"name":"projects/de-lit-web/locations/us-south1","locationId":"us-south1","displayName":"Dallas"},{"name":"projects/de-lit-web/locations/us-west1","locationId":"us-west1","displayName":"Oregon"},{"name":"projects/de-lit-web/locations/us-west2","locationId":"us-west2","displayName":"Los Angeles"},{"name":"projects/de-lit-web/locations/us-west3","locationId":"us-west3","displayName":"Salt Lake City"},{"name":"projects/de-lit-web/locations/us-west4","locationId":"us-west4","displayName":"Las Vegas"}]}
[debug] [2024-12-22T08:53:19.965Z] Checked if tokens are valid: true, expires at: 1734860917894
[debug] [2024-12-22T08:53:19.965Z] Checked if tokens are valid: true, expires at: 1734860917894
[debug] [2024-12-22T08:53:19.965Z] >>> [apiv2][query] GET https://sqladmin.googleapis.com/v1/projects/de-lit-web/instances/de-lit-backend-fdc/databases [none]
[debug] [2024-12-22T08:53:23.251Z] <<< [apiv2][status] GET https://sqladmin.googleapis.com/v1/projects/de-lit-web/instances/de-lit-backend-fdc/databases 404
[debug] [2024-12-22T08:53:23.251Z] <<< [apiv2][body] GET https://sqladmin.googleapis.com/v1/projects/de-lit-web/instances/de-lit-backend-fdc/databases {"error":{"code":404,"message":"Not Found","errors":[{"message":"Not Found","domain":"global","reason":"notFound"}]}}
[debug] [2024-12-22T08:53:23.252Z] [dataconnect] Cannot list databases during init: FirebaseError: Request to https://sqladmin.googleapis.com/v1/projects/de-lit-web/instances/de-lit-backend-fdc/databases had HTTP Error: 404, Not Found
[info] +  Wrote dataconnect\dataconnect.yaml 
[info] +  Wrote dataconnect\schema\schema.gql 
[info] +  Wrote dataconnect\connector\connector.yaml 
[info] +  Wrote dataconnect\connector\queries.gql 
[info] +  Wrote dataconnect\connector\mutations.gql 
[debug] [2024-12-22T08:53:38.292Z] Checked if tokens are valid: true, expires at: 1734860917894
[debug] [2024-12-22T08:53:38.292Z] Checked if tokens are valid: true, expires at: 1734860917894
[debug] [2024-12-22T08:53:38.292Z] >>> [apiv2][query] GET https://sqladmin.googleapis.com/v1/projects/de-lit-web/instances/de-lit-backend-fdc [none]
[debug] [2024-12-22T08:53:39.802Z] <<< [apiv2][status] GET https://sqladmin.googleapis.com/v1/projects/de-lit-web/instances/de-lit-backend-fdc 404
[debug] [2024-12-22T08:53:39.802Z] <<< [apiv2][body] GET https://sqladmin.googleapis.com/v1/projects/de-lit-web/instances/de-lit-backend-fdc {"error":{"code":404,"message":"The Cloud SQL instance does not exist.","errors":[{"message":"The Cloud SQL instance does not exist.","domain":"global","reason":"instanceDoesNotExist"}]}}
[debug] [2024-12-22T08:53:39.802Z] Checked if tokens are valid: true, expires at: 1734860917894
[debug] [2024-12-22T08:53:39.802Z] Checked if tokens are valid: true, expires at: 1734860917894
[debug] [2024-12-22T08:53:39.802Z] >>> [apiv2][query] GET https://sqladmin.googleapis.com/v1/projects/de-lit-web/instances [none]
[debug] [2024-12-22T08:53:40.836Z] <<< [apiv2][status] GET https://sqladmin.googleapis.com/v1/projects/de-lit-web/instances 200
[debug] [2024-12-22T08:53:40.836Z] <<< [apiv2][body] GET https://sqladmin.googleapis.com/v1/projects/de-lit-web/instances {}
[debug] [2024-12-22T08:53:40.837Z] Checked if tokens are valid: true, expires at: 1734860917894
[debug] [2024-12-22T08:53:40.837Z] Checked if tokens are valid: true, expires at: 1734860917894
[debug] [2024-12-22T08:53:40.837Z] >>> [apiv2][query] GET https://monitoring.googleapis.com/v3/projects/de-lit-web/timeSeries/ filter=metric.type%3D%22serviceruntime.googleapis.com%2Fquota%2Fallocation%2Fusage%22+AND+metric.label.quota_metric+%3D+%22sqladmin.googleapis.com%2Ffdc_lifetime_free_trial_per_project%22&interval.endTime=2024-12-22T08%3A53%3A40.836Z&interval.startTime=2024-12-15T08%3A53%3A40.836Z
[debug] [2024-12-22T08:53:43.379Z] <<< [apiv2][status] GET https://monitoring.googleapis.com/v3/projects/de-lit-web/timeSeries/ 200
[debug] [2024-12-22T08:53:43.379Z] <<< [apiv2][body] GET https://monitoring.googleapis.com/v3/projects/de-lit-web/timeSeries/ {"unit":"1"}
[info] i  dataconnect: CloudSQL instance 'de-lit-backend-fdc' not found.Creating it now.
This instance is provided under the terms of the Data Connect no-cost trial https://firebase.google.com/pricing
Monitor the progress at https://console.cloud.google.com/sql/instances/de-lit-backend-fdc/overview?project=de-lit-web 
[debug] [2024-12-22T08:53:43.382Z] Checked if tokens are valid: true, expires at: 1734860917894
[debug] [2024-12-22T08:53:43.382Z] Checked if tokens are valid: true, expires at: 1734860917894
[debug] [2024-12-22T08:53:43.382Z] >>> [apiv2][query] POST https://sqladmin.googleapis.com/v1/projects/de-lit-web/instances [none]
[debug] [2024-12-22T08:53:43.382Z] >>> [apiv2][body] POST https://sqladmin.googleapis.com/v1/projects/de-lit-web/instances {"name":"de-lit-backend-fdc","region":"asia-south1","databaseVersion":"POSTGRES_15","settings":{"tier":"db-f1-micro","edition":"ENTERPRISE","ipConfiguration":{"authorizedNetworks":[]},"enableGoogleMlIntegration":false,"databaseFlags":[{"name":"cloudsql.iam_authentication","value":"on"}],"storageAutoResize":false,"userLabels":{"firebase-data-connect":"ft"},"insightsConfig":{"queryInsightsEnabled":true,"queryPlansPerMinute":5,"queryStringLength":1024}}}
[debug] [2024-12-22T08:53:51.895Z] <<< [apiv2][status] POST https://sqladmin.googleapis.com/v1/projects/de-lit-web/instances 200
[debug] [2024-12-22T08:53:51.895Z] <<< [apiv2][body] POST https://sqladmin.googleapis.com/v1/projects/de-lit-web/instances {"kind":"sql#operation","targetLink":"https://sqladmin.googleapis.com/v1/projects/de-lit-web/instances/de-lit-backend-fdc","status":"PENDING","user":"de-lit.club@rguktrkv.ac.in","insertTime":"2024-12-22T08:53:52.868Z","operationType":"CREATE","name":"80cf6e8a-47af-4d61-8c20-f8b50000002f","targetId":"de-lit-backend-fdc","selfLink":"https://sqladmin.googleapis.com/v1/projects/de-lit-web/operations/80cf6e8a-47af-4d61-8c20-f8b50000002f","targetProject":"de-lit-web"}
[info] i  dataconnect: Cloud SQL instance creation started - it should be ready shortly. Database and users will be created on your next deploy. 
[info] i  If you'd like to add the generated SDK to your app your, run firebase init dataconnect:sdk 
[info] 
=== Firestore Setup
[debug] [2024-12-22T08:53:51.900Z] Checked if tokens are valid: true, expires at: 1734860917894
[debug] [2024-12-22T08:53:51.900Z] Checked if tokens are valid: true, expires at: 1734860917894
[debug] [2024-12-22T08:53:51.900Z] >>> [apiv2][query] GET https://serviceusage.googleapis.com/v1/projects/de-lit-web/services/firestore.googleapis.com [none]
[debug] [2024-12-22T08:53:51.900Z] >>> [apiv2][(partial)header] GET https://serviceusage.googleapis.com/v1/projects/de-lit-web/services/firestore.googleapis.com x-goog-quota-user=projects/de-lit-web
[debug] [2024-12-22T08:53:54.194Z] <<< [apiv2][status] GET https://serviceusage.googleapis.com/v1/projects/de-lit-web/services/firestore.googleapis.com 200
[debug] [2024-12-22T08:53:54.195Z] <<< [apiv2][body] GET https://serviceusage.googleapis.com/v1/projects/de-lit-web/services/firestore.googleapis.com [omitted]
[debug] [2024-12-22T08:53:54.195Z] Checked if tokens are valid: true, expires at: 1734860917894
[debug] [2024-12-22T08:53:54.195Z] Checked if tokens are valid: true, expires at: 1734860917894
[debug] [2024-12-22T08:53:54.195Z] >>> [apiv2][query] GET https://firestore.googleapis.com/v1/projects/de-lit-web/databases/(default) [none]
[debug] [2024-12-22T08:53:55.252Z] <<< [apiv2][status] GET https://firestore.googleapis.com/v1/projects/de-lit-web/databases/(default) 404
[debug] [2024-12-22T08:53:55.252Z] <<< [apiv2][body] GET https://firestore.googleapis.com/v1/projects/de-lit-web/databases/(default) {"error":{"code":404,"message":"Project 'de-lit-web' or database '(default)' does not exist.","status":"NOT_FOUND"}}
[debug] [2024-12-22T08:53:55.252Z] error getting database type:  Request to https://firestore.googleapis.com/v1/projects/de-lit-web/databases/(default) had HTTP Error: 404, Project 'de-lit-web' or database '(default)' does not exist. {"name":"FirebaseError","children":[],"context":{"body":{"error":{"code":404,"message":"Project 'de-lit-web' or database '(default)' does not exist.","status":"NOT_FOUND"}},"response":{"statusCode":404}},"exit":1,"message":"Request to https://firestore.googleapis.com/v1/projects/de-lit-web/databases/(default) had HTTP Error: 404, Project 'de-lit-web' or database '(default)' does not exist.","status":404}
[info] (default) does not exist in project de-lit-web.
[debug] [2024-12-22T08:53:55.253Z] database_type: DATABASE_DOES_NOT_EXIST
[debug] [2024-12-22T08:54:19.350Z] Checked if tokens are valid: true, expires at: 1734860917894
[debug] [2024-12-22T08:54:19.351Z] Checked if tokens are valid: true, expires at: 1734860917894
[debug] [2024-12-22T08:54:19.351Z] >>> [apiv2][query] GET https://firestore.googleapis.com/v1/projects/de-lit-web/databases/de-lit-db [none]
[debug] [2024-12-22T08:54:20.102Z] <<< [apiv2][status] GET https://firestore.googleapis.com/v1/projects/de-lit-web/databases/de-lit-db 404
[debug] [2024-12-22T08:54:20.103Z] <<< [apiv2][body] GET https://firestore.googleapis.com/v1/projects/de-lit-web/databases/de-lit-db {"error":{"code":404,"message":"Project 'de-lit-web' or database 'de-lit-db' does not exist.","status":"NOT_FOUND"}}
[debug] [2024-12-22T08:54:20.103Z] error getting database type:  Request to https://firestore.googleapis.com/v1/projects/de-lit-web/databases/de-lit-db had HTTP Error: 404, Project 'de-lit-web' or database 'de-lit-db' does not exist. {"name":"FirebaseError","children":[],"context":{"body":{"error":{"code":404,"message":"Project 'de-lit-web' or database 'de-lit-db' does not exist.","status":"NOT_FOUND"}},"response":{"statusCode":404}},"exit":1,"message":"Request to https://firestore.googleapis.com/v1/projects/de-lit-web/databases/de-lit-db had HTTP Error: 404, Project 'de-lit-web' or database 'de-lit-db' does not exist.","status":404}
[info] de-lit-db does not exist in project de-lit-web.
[debug] [2024-12-22T08:54:20.103Z] database_type: DATABASE_DOES_NOT_EXIST
[debug] [2024-12-22T09:04:45.323Z] Checked if tokens are valid: true, expires at: 1734860917894
[debug] [2024-12-22T09:04:45.323Z] Checked if tokens are valid: true, expires at: 1734860917894
[debug] [2024-12-22T09:04:45.323Z] >>> [apiv2][query] GET https://firestore.googleapis.com/v1/projects/de-lit-web/databases/de-lit-db [none]
[debug] [2024-12-22T09:05:09.353Z] *** [apiv2] error from fetch(https://firestore.googleapis.com/v1/projects/de-lit-web/databases/de-lit-db, {"headers":{},"method":"GET"}): FetchError: request to https://firestore.googleapis.com/v1/projects/de-lit-web/databases/de-lit-db failed, reason: socket hang up
[debug] [2024-12-22T09:05:09.353Z] error getting database type:  Failed to make request to https://firestore.googleapis.com/v1/projects/de-lit-web/databases/de-lit-db {"name":"FirebaseError","children":[],"exit":1,"message":"Failed to make request to https://firestore.googleapis.com/v1/projects/de-lit-web/databases/de-lit-db","original":{"message":"request to https://firestore.googleapis.com/v1/projects/de-lit-web/databases/de-lit-db failed, reason: socket hang up","type":"system","errno":"ECONNRESET","code":"ECONNRESET"},"status":500}
[debug] [2024-12-22T09:05:09.353Z] database_type: undefined
[debug] [2024-12-22T09:05:09.353Z] database_type: undefined
[debug] [2024-12-22T09:05:14.361Z] Error: Timed out.
    at Timeout._onTimeout (C:\Users\phani\AppData\Roaming\npm\node_modules\firebase-tools\lib\utils.js:269:49)
    at listOnTimeout (node:internal/timers:581:17)
    at process.processTimers (node:internal/timers:519:7)
[error] 
[error] Error: An unexpected error has occurred.
[debug] [2024-12-22T09:05:25.796Z] ----------------------------------------------------------------------
[debug] [2024-12-22T09:05:25.800Z] Command:       C:\Program Files\nodejs\node.exe C:\Users\phani\AppData\Roaming\npm\node_modules\firebase-tools\lib\bin\firebase.js init
[debug] [2024-12-22T09:05:25.801Z] CLI Version:   13.29.1
[debug] [2024-12-22T09:05:25.801Z] Platform:      win32
[debug] [2024-12-22T09:05:25.801Z] Node Version:  v20.18.0
[debug] [2024-12-22T09:05:25.801Z] Time:          Sun Dec 22 2024 14:35:25 GMT+0530 (India Standard Time)
[debug] [2024-12-22T09:05:25.802Z] ----------------------------------------------------------------------
[debug] 
[debug] [2024-12-22T09:05:25.813Z] > command requires scopes: ["email","openid","https://www.googleapis.com/auth/cloudplatformprojects.readonly","https://www.googleapis.com/auth/firebase","https://www.googleapis.com/auth/cloud-platform"]
[debug] [2024-12-22T09:05:25.814Z] > authorizing via signed-in user (de-lit.club@rguktrkv.ac.in)
[info] 
     ######## #### ########  ######## ########     ###     ######  ########
     ##        ##  ##     ## ##       ##     ##  ##   ##  ##       ##
     ######    ##  ########  ######   ########  #########  ######  ######
     ##        ##  ##    ##  ##       ##     ## ##     ##       ## ##
     ##       #### ##     ## ######## ########  ##     ##  ######  ########

You're about to initialize a Firebase project in this directory:

  C:\Users\phani\Projects\de-lit-backend

[info] 
=== Project Setup
[info] 
[info] First, let's associate this project directory with a Firebase project.
[info] You can create multiple project aliases by running firebase use --add, 
[info] but for now we'll just set up a default project.
[info] 
[debug] [2024-12-22T09:05:35.809Z] Checked if tokens are valid: true, expires at: 1734860917894
[debug] [2024-12-22T09:05:35.809Z] Checked if tokens are valid: true, expires at: 1734860917894
[debug] [2024-12-22T09:05:35.812Z] >>> [apiv2][query] GET https://firebase.googleapis.com/v1beta1/projects pageSize=100
[debug] [2024-12-22T09:05:37.940Z] <<< [apiv2][status] GET https://firebase.googleapis.com/v1beta1/projects 200
[debug] [2024-12-22T09:05:37.940Z] <<< [apiv2][body] GET https://firebase.googleapis.com/v1beta1/projects [omitted]
[info] i  Using project de-lit-web (De-Lit-web) 
[info] 
=== Dataconnect Setup
[debug] [2024-12-22T09:05:40.703Z] Checked if tokens are valid: true, expires at: 1734860917894
[debug] [2024-12-22T09:05:40.704Z] Checked if tokens are valid: true, expires at: 1734860917894
[debug] [2024-12-22T09:05:40.704Z] >>> [apiv2][query] GET https://cloudbilling.googleapis.com/v1/projects/de-lit-web/billingInfo [none]
[debug] [2024-12-22T09:05:42.834Z] <<< [apiv2][status] GET https://cloudbilling.googleapis.com/v1/projects/de-lit-web/billingInfo 200
[debug] [2024-12-22T09:05:42.835Z] <<< [apiv2][body] GET https://cloudbilling.googleapis.com/v1/projects/de-lit-web/billingInfo {"name":"projects/de-lit-web/billingInfo","projectId":"de-lit-web","billingAccountName":"billingAccounts/01DB0C-CE9ABB-A1722E","billingEnabled":true}
[info] i  dataconnect: ensuring required API firebasedataconnect.googleapis.com is enabled... 
[debug] [2024-12-22T09:05:42.837Z] Checked if tokens are valid: true, expires at: 1734860917894
[debug] [2024-12-22T09:05:42.837Z] Checked if tokens are valid: true, expires at: 1734860917894
[debug] [2024-12-22T09:05:42.837Z] >>> [apiv2][query] GET https://serviceusage.googleapis.com/v1/projects/de-lit-web/services/firebasedataconnect.googleapis.com [none]
[debug] [2024-12-22T09:05:42.837Z] >>> [apiv2][(partial)header] GET https://serviceusage.googleapis.com/v1/projects/de-lit-web/services/firebasedataconnect.googleapis.com x-goog-quota-user=projects/de-lit-web
[debug] [2024-12-22T09:05:46.006Z] <<< [apiv2][status] GET https://serviceusage.googleapis.com/v1/projects/de-lit-web/services/firebasedataconnect.googleapis.com 200
[debug] [2024-12-22T09:05:46.006Z] <<< [apiv2][body] GET https://serviceusage.googleapis.com/v1/projects/de-lit-web/services/firebasedataconnect.googleapis.com [omitted]
[info] +  dataconnect: required API firebasedataconnect.googleapis.com is enabled 
[info] i  dataconnect: ensuring required API sqladmin.googleapis.com is enabled... 
[debug] [2024-12-22T09:05:46.007Z] Checked if tokens are valid: true, expires at: 1734860917894
[debug] [2024-12-22T09:05:46.008Z] Checked if tokens are valid: true, expires at: 1734860917894
[debug] [2024-12-22T09:05:46.008Z] >>> [apiv2][query] GET https://serviceusage.googleapis.com/v1/projects/de-lit-web/services/sqladmin.googleapis.com [none]
[debug] [2024-12-22T09:05:46.008Z] >>> [apiv2][(partial)header] GET https://serviceusage.googleapis.com/v1/projects/de-lit-web/services/sqladmin.googleapis.com x-goog-quota-user=projects/de-lit-web
[debug] [2024-12-22T09:05:47.182Z] <<< [apiv2][status] GET https://serviceusage.googleapis.com/v1/projects/de-lit-web/services/sqladmin.googleapis.com 200
[debug] [2024-12-22T09:05:47.182Z] <<< [apiv2][body] GET https://serviceusage.googleapis.com/v1/projects/de-lit-web/services/sqladmin.googleapis.com [omitted]
[info] +  dataconnect: required API sqladmin.googleapis.com is enabled 
[info] i  dataconnect: ensuring required API compute.googleapis.com is enabled... 
[debug] [2024-12-22T09:05:47.183Z] Checked if tokens are valid: true, expires at: 1734860917894
[debug] [2024-12-22T09:05:47.183Z] Checked if tokens are valid: true, expires at: 1734860917894
[debug] [2024-12-22T09:05:47.184Z] >>> [apiv2][query] GET https://serviceusage.googleapis.com/v1/projects/de-lit-web/services/compute.googleapis.com [none]
[debug] [2024-12-22T09:05:47.184Z] >>> [apiv2][(partial)header] GET https://serviceusage.googleapis.com/v1/projects/de-lit-web/services/compute.googleapis.com x-goog-quota-user=projects/de-lit-web
[debug] [2024-12-22T09:05:49.730Z] <<< [apiv2][status] GET https://serviceusage.googleapis.com/v1/projects/de-lit-web/services/compute.googleapis.com 200
[debug] [2024-12-22T09:05:49.730Z] <<< [apiv2][body] GET https://serviceusage.googleapis.com/v1/projects/de-lit-web/services/compute.googleapis.com [omitted]
[info] +  dataconnect: required API compute.googleapis.com is enabled 
[debug] [2024-12-22T09:05:49.732Z] Checked if tokens are valid: true, expires at: 1734860917894
[debug] [2024-12-22T09:05:49.732Z] Checked if tokens are valid: true, expires at: 1734860917894
[debug] [2024-12-22T09:05:49.732Z] >>> [apiv2][query] GET https://firebasedataconnect.googleapis.com/v1beta/projects/de-lit-web/locations/-/services [none]
[debug] [2024-12-22T09:05:55.173Z] <<< [apiv2][status] GET https://firebasedataconnect.googleapis.com/v1beta/projects/de-lit-web/locations/-/services 200
[debug] [2024-12-22T09:05:55.173Z] <<< [apiv2][body] GET https://firebasedataconnect.googleapis.com/v1beta/projects/de-lit-web/locations/-/services {}
[debug] [2024-12-22T09:06:24.864Z] Checked if tokens are valid: true, expires at: 1734860917894
[debug] [2024-12-22T09:06:24.865Z] Checked if tokens are valid: true, expires at: 1734860917894
[debug] [2024-12-22T09:06:24.865Z] >>> [apiv2][query] GET https://sqladmin.googleapis.com/v1/projects/de-lit-web/instances [none]
[debug] [2024-12-22T09:06:25.589Z] <<< [apiv2][status] GET https://sqladmin.googleapis.com/v1/projects/de-lit-web/instances 200
[debug] [2024-12-22T09:06:25.590Z] <<< [apiv2][body] GET https://sqladmin.googleapis.com/v1/projects/de-lit-web/instances {"items":[{"kind":"sql#instance","state":"RUNNABLE","databaseVersion":"POSTGRES_15","settings":{"authorizedGaeApplications":[],"tier":"db-f1-micro","kind":"sql#settings","userLabels":{"firebase-data-connect":"ft"},"availabilityType":"ZONAL","pricingPlan":"PER_USE","replicationType":"SYNCHRONOUS","activationPolicy":"ALWAYS","ipConfiguration":{"authorizedNetworks":[],"sslMode":"ALLOW_UNENCRYPTED_AND_ENCRYPTED","ipv4Enabled":true,"requireSsl":false,"serverCaMode":"GOOGLE_MANAGED_INTERNAL_CA"},"locationPreference":{"zone":"asia-south1-c","kind":"sql#locationPreference"},"databaseFlags":[{"name":"cloudsql.iam_authentication","value":"on"}],"dataDiskType":"PD_SSD","backupConfiguration":{"startTime":"19:00","kind":"sql#backupConfiguration","backupRetentionSettings":{"retentionUnit":"COUNT","retainedBackups":7},"enabled":false,"transactionLogRetentionDays":7,"transactionalLogStorageState":"TRANSACTIONAL_LOG_STORAGE_STATE_UNSPECIFIED"},"insightsConfig":{"queryInsightsEnabled":true,"queryStringLength":1024,"queryPlansPerMinute":5},"edition":"ENTERPRISE","connectorEnforcement":"NOT_REQUIRED","settingsVersion":"1","storageAutoResizeLimit":"0","storageAutoResize":false,"dataDiskSizeGb":"10","deletionProtectionEnabled":false,"enableGoogleMlIntegration":false},"etag":"cffa4c0c32a60dc37832bb8fc80b2e7c9361de0990890148a0c2e2df390e427d","ipAddresses":[{"type":"PRIMARY","ipAddress":"35.244.61.7"},{"type":"OUTGOING","ipAddress":"35.244.35.140"}],"serverCaCert":{"kind":"sql#sslCert","certSerialNumber":"0","cert":"-----BEGIN CERTIFICATE-----\nMIIDfzCCAmegAwIBAgIBADANBgkqhkiG9w0BAQsFADB3MS0wKwYDVQQuEyQwZWQ2\nMjVmYS1iYmRkLTQ2MmMtOGYwMS1jZDgwMWE5OTk3OWMxIzAhBgNVBAMTGkdvb2ds\nZSBDbG91ZCBTUUwgU2VydmVyIENBMRQwEgYDVQQKEwtHb29nbGUsIEluYzELMAkG\nA1UEBhMCVVMwHhcNMjQxMjIyMDg1NTA2WhcNMzQxMjIwMDg1NjA2WjB3MS0wKwYD\nVQQuEyQwZWQ2MjVmYS1iYmRkLTQ2MmMtOGYwMS1jZDgwMWE5OTk3OWMxIzAhBgNV\nBAMTGkdvb2dsZSBDbG91ZCBTUUwgU2VydmVyIENBMRQwEgYDVQQKEwtHb29nbGUs\nIEluYzELMAkGA1UEBhMCVVMwggEiMA0GCSqGSIb3DQEBAQUAA4IBDwAwggEKAoIB\nAQCObUoKfmzXFe8bzBo0PS5huTrWYMUkjgfldSYP987GdgXpjhQ17BSWbGZjlVcC\ns3VVU5JvzvzNzhUdkOZPqNWU3Z035T3FDew7LZ4R5HB8Uzvcpj0S4LPWDrcQBxPW\n0uCA6GTeAD1f1v9spoMvdo60O1HbcpRJL6m4VsGOMzuB21X+Zbj+b73SiqCT40bA\n+dTebboZHvkz7kwMP3pyM4XJS9vbapyTjWhXgYIv5NoYc2mmg8CP41t7idrNeKLK\nhYIYkIk6EhsRSXanDFn8B86V1vqGKF2E/+aRJ181bjPPvRU2dmZH9LGLTNcaHbax\n3JzEBed2b2b4UgBqZgC9i68TAgMBAAGjFjAUMBIGA1UdEwEB/wQIMAYBAf8CAQAw\nDQYJKoZIhvcNAQELBQADggEBACkK6U8SsTuWiM7aPvHZBHAPxaQ89xfP6E7XPETZ\nfDAjzj7BXykOhLRMDcssZlQOnQHkHk3wxPB/8FrzFbipUF6Pa8gMwEPx87sULMas\nj0afjM2qv6CbAbXcHflhd7Ao6F/5vuXx5ljDxYAqvcFTG5AMQ+UDp3cSDyZ66gRW\n0m/55W9sDT+gXUZdYRXR0h0N8YWUSMzuovpN0llOVONRHhyWLR9nMVqNAI4V8BUT\nH8UkyboOrRmLX2KtAa0wbHCI07FTEBFxe+2qMQJQArBrVgQqVmJG3JkudO2hpjGC\nkWKBOmQLy/15KVaRmId4c4GrRUVV31w9F0Y6IRCIwLmobuU=\n-----END CERTIFICATE-----","commonName":"C=US,O=Google\\, Inc,CN=Google Cloud SQL Server CA,dnQualifier=0ed625fa-bbdd-462c-8f01-cd801a99979c","sha1Fingerprint":"443b9366d4ed3ba397a0c90e4ad75de8548f83c2","instance":"de-lit-backend-fdc","createTime":"2024-12-22T08:55:06.196Z","expirationTime":"2034-12-20T08:56:06.196Z"},"instanceType":"CLOUD_SQL_INSTANCE","project":"de-lit-web","serviceAccountEmailAddress":"p957352433832-6llly7@gcp-sa-cloud-sql.iam.gserviceaccount.com","backendType":"SECOND_GEN","selfLink":"https://sqladmin.googleapis.com/v1/projects/de-lit-web/instances/de-lit-backend-fdc","connectionName":"de-lit-web:asia-south1:de-lit-backend-fdc","name":"de-lit-backend-fdc","region":"asia-south1","gceZone":"asia-south1-c","databaseInstalledVersion":"POSTGRES_15_10","maintenanceVersion":"POSTGRES_15_10.R20240910.01_31","createTime":"2024-12-22T08:53:45.887Z","sqlNetworkArchitecture":"NEW_NETWORK_ARCHITECTURE","satisfiesPzi":true}]}
[debug] [2024-12-22T09:06:25.590Z] Checked if tokens are valid: true, expires at: 1734860917894
[debug] [2024-12-22T09:06:25.590Z] Checked if tokens are valid: true, expires at: 1734860917894
[debug] [2024-12-22T09:06:25.591Z] >>> [apiv2][query] GET https://monitoring.googleapis.com/v3/projects/de-lit-web/timeSeries/ filter=metric.type%3D%22serviceruntime.googleapis.com%2Fquota%2Fallocation%2Fusage%22+AND+metric.label.quota_metric+%3D+%22sqladmin.googleapis.com%2Ffdc_lifetime_free_trial_per_project%22&interval.endTime=2024-12-22T09%3A06%3A25.590Z&interval.startTime=2024-12-15T09%3A06%3A25.590Z
[debug] [2024-12-22T09:06:38.389Z] <<< [apiv2][status] GET https://monitoring.googleapis.com/v3/projects/de-lit-web/timeSeries/ 200
[debug] [2024-12-22T09:06:38.390Z] <<< [apiv2][body] GET https://monitoring.googleapis.com/v3/projects/de-lit-web/timeSeries/ {"timeSeries":[{"metric":{"labels":{"quota_metric":"sqladmin.googleapis.com/fdc_lifetime_free_trial_per_project"},"type":"serviceruntime.googleapis.com/quota/allocation/usage"},"resource":{"type":"consumer_quota","labels":{"service":"sqladmin.googleapis.com","project_id":"de-lit-web","location":"global"}},"metricKind":"GAUGE","valueType":"INT64","points":[{"interval":{"startTime":"2024-12-22T08:53:48Z","endTime":"2024-12-22T08:53:48Z"},"value":{"int64Value":"1"}}]}],"unit":"1"}
[debug] [2024-12-22T09:06:49.216Z] Checked if tokens are valid: true, expires at: 1734860917894
[debug] [2024-12-22T09:06:49.217Z] Checked if tokens are valid: true, expires at: 1734860917894
[debug] [2024-12-22T09:06:49.217Z] >>> [apiv2][query] GET https://sqladmin.googleapis.com/v1/projects/de-lit-web/instances/de-lit-backend-fdc/databases [none]
[debug] [2024-12-22T09:06:50.340Z] <<< [apiv2][status] GET https://sqladmin.googleapis.com/v1/projects/de-lit-web/instances/de-lit-backend-fdc/databases 200
[debug] [2024-12-22T09:06:50.340Z] <<< [apiv2][body] GET https://sqladmin.googleapis.com/v1/projects/de-lit-web/instances/de-lit-backend-fdc/databases {"kind":"sql#databasesList","items":[{"kind":"sql#database","charset":"UTF8","collation":"en_US.UTF8","etag":"48d48448751afc6e2c10399e5926865e37a681c40ad1c7b0fe4b554d895505ff","name":"postgres","instance":"de-lit-backend-fdc","selfLink":"https://sqladmin.googleapis.com/v1/projects/de-lit-web/instances/de-lit-backend-fdc/databases/postgres","project":"de-lit-web"}]}
[info] +  Wrote dataconnect\dataconnect.yaml 
[info] i  dataconnect\schema\schema.gql is unchanged 
[info] i  dataconnect\connector\connector.yaml is unchanged 
[info] i  dataconnect\connector\queries.gql is unchanged 
[info] i  dataconnect\connector\mutations.gql is unchanged 
[info] i  If you'd like to add the generated SDK to your app your, run firebase init dataconnect:sdk 
[info] 
=== Firestore Setup
[debug] [2024-12-22T09:06:58.913Z] Checked if tokens are valid: true, expires at: 1734860917894
[debug] [2024-12-22T09:06:58.913Z] Checked if tokens are valid: true, expires at: 1734860917894
[debug] [2024-12-22T09:06:58.913Z] >>> [apiv2][query] GET https://serviceusage.googleapis.com/v1/projects/de-lit-web/services/firestore.googleapis.com [none]
[debug] [2024-12-22T09:06:58.913Z] >>> [apiv2][(partial)header] GET https://serviceusage.googleapis.com/v1/projects/de-lit-web/services/firestore.googleapis.com x-goog-quota-user=projects/de-lit-web
[debug] [2024-12-22T09:07:01.507Z] <<< [apiv2][status] GET https://serviceusage.googleapis.com/v1/projects/de-lit-web/services/firestore.googleapis.com 200
[debug] [2024-12-22T09:07:01.508Z] <<< [apiv2][body] GET https://serviceusage.googleapis.com/v1/projects/de-lit-web/services/firestore.googleapis.com [omitted]
[debug] [2024-12-22T09:07:01.508Z] Checked if tokens are valid: true, expires at: 1734860917894
[debug] [2024-12-22T09:07:01.508Z] Checked if tokens are valid: true, expires at: 1734860917894
[debug] [2024-12-22T09:07:01.508Z] >>> [apiv2][query] GET https://firestore.googleapis.com/v1/projects/de-lit-web/databases/(default) [none]
[debug] [2024-12-22T09:07:02.842Z] <<< [apiv2][status] GET https://firestore.googleapis.com/v1/projects/de-lit-web/databases/(default) 404
[debug] [2024-12-22T09:07:02.842Z] <<< [apiv2][body] GET https://firestore.googleapis.com/v1/projects/de-lit-web/databases/(default) {"error":{"code":404,"message":"Project 'de-lit-web' or database '(default)' does not exist.","status":"NOT_FOUND"}}
[debug] [2024-12-22T09:07:02.843Z] error getting database type:  Request to https://firestore.googleapis.com/v1/projects/de-lit-web/databases/(default) had HTTP Error: 404, Project 'de-lit-web' or database '(default)' does not exist. {"name":"FirebaseError","children":[],"context":{"body":{"error":{"code":404,"message":"Project 'de-lit-web' or database '(default)' does not exist.","status":"NOT_FOUND"}},"response":{"statusCode":404}},"exit":1,"message":"Request to https://firestore.googleapis.com/v1/projects/de-lit-web/databases/(default) had HTTP Error: 404, Project 'de-lit-web' or database '(default)' does not exist.","status":404}
[info] (default) does not exist in project de-lit-web.
[debug] [2024-12-22T09:07:02.844Z] database_type: DATABASE_DOES_NOT_EXIST
[debug] [2024-12-22T09:07:10.117Z] Checked if tokens are valid: true, expires at: 1734860917894
[debug] [2024-12-22T09:07:10.117Z] Checked if tokens are valid: true, expires at: 1734860917894
[debug] [2024-12-22T09:07:10.117Z] >>> [apiv2][query] GET https://firestore.googleapis.com/v1/projects/de-lit-web/databases/de-lit-db [none]
[debug] [2024-12-22T09:07:13.285Z] <<< [apiv2][status] GET https://firestore.googleapis.com/v1/projects/de-lit-web/databases/de-lit-db 200
[debug] [2024-12-22T09:07:13.286Z] <<< [apiv2][body] GET https://firestore.googleapis.com/v1/projects/de-lit-web/databases/de-lit-db {"name":"projects/de-lit-web/databases/de-lit-db","uid":"461217c7-c3a7-4d47-b8c8-225dd8901aa4","createTime":"2024-12-22T09:03:55.634247Z","updateTime":"2024-12-22T09:03:55.634247Z","locationId":"nam5","type":"FIRESTORE_NATIVE","concurrencyMode":"PESSIMISTIC","versionRetentionPeriod":"3600s","earliestVersionTime":"2024-12-22T09:03:55.634247Z","appEngineIntegrationMode":"DISABLED","pointInTimeRecoveryEnablement":"POINT_IN_TIME_RECOVERY_DISABLED","deleteProtectionState":"DELETE_PROTECTION_DISABLED","etag":"IO7W2KWDu4oDMMfE+8aCu4oD"}
[debug] [2024-12-22T09:07:13.286Z] database_type: FIRESTORE_NATIVE
[debug] [2024-12-22T09:07:13.286Z] database_type: FIRESTORE_NATIVE
[debug] [2024-12-22T09:07:13.286Z] > command requires scopes: ["email","openid","https://www.googleapis.com/auth/cloudplatformprojects.readonly","https://www.googleapis.com/auth/firebase","https://www.googleapis.com/auth/cloud-platform"]
[debug] [2024-12-22T09:07:13.286Z] > authorizing via signed-in user (de-lit.club@rguktrkv.ac.in)
[debug] [2024-12-22T09:07:13.287Z] [iam] checking project de-lit-web for permissions ["firebase.projects.get"]
[debug] [2024-12-22T09:07:13.287Z] Checked if tokens are valid: true, expires at: 1734860917894
[debug] [2024-12-22T09:07:13.287Z] Checked if tokens are valid: true, expires at: 1734860917894
[debug] [2024-12-22T09:07:13.287Z] >>> [apiv2][query] POST https://cloudresourcemanager.googleapis.com/v1/projects/de-lit-web:testIamPermissions [none]
[debug] [2024-12-22T09:07:13.287Z] >>> [apiv2][(partial)header] POST https://cloudresourcemanager.googleapis.com/v1/projects/de-lit-web:testIamPermissions x-goog-quota-user=projects/de-lit-web
[debug] [2024-12-22T09:07:13.287Z] >>> [apiv2][body] POST https://cloudresourcemanager.googleapis.com/v1/projects/de-lit-web:testIamPermissions {"permissions":["firebase.projects.get"]}
[debug] [2024-12-22T09:07:15.961Z] <<< [apiv2][status] POST https://cloudresourcemanager.googleapis.com/v1/projects/de-lit-web:testIamPermissions 200
[debug] [2024-12-22T09:07:15.961Z] <<< [apiv2][body] POST https://cloudresourcemanager.googleapis.com/v1/projects/de-lit-web:testIamPermissions {"permissions":["firebase.projects.get"]}
[info] 
[info] Firestore Security Rules allow you to define how and when to allow
[info] requests. You can keep these rules in your project directory
[info] and publish them with firebase deploy.
[info] 
[debug] [2024-12-22T09:07:35.578Z] Checked if tokens are valid: true, expires at: 1734860917894
[debug] [2024-12-22T09:07:35.578Z] Checked if tokens are valid: true, expires at: 1734860917894
[debug] [2024-12-22T09:07:35.578Z] >>> [apiv2][query] GET https://firebaserules.googleapis.com/v1/projects/de-lit-web/releases pageSize=10&pageToken=
[debug] [2024-12-22T09:07:38.276Z] <<< [apiv2][status] GET https://firebaserules.googleapis.com/v1/projects/de-lit-web/releases 200
[debug] [2024-12-22T09:07:38.277Z] <<< [apiv2][body] GET https://firebaserules.googleapis.com/v1/projects/de-lit-web/releases {"releases":[{"name":"projects/de-lit-web/releases/cloud.firestore/de-lit-db","rulesetName":"projects/de-lit-web/rulesets/26e75293-dabd-468c-8991-4d524a481a38","createTime":"2024-12-22T09:04:20.460012Z","updateTime":"2024-12-22T09:04:20.460012Z"}]}
[debug] [2024-12-22T09:07:38.277Z] Found ruleset: projects/de-lit-web/rulesets/26e75293-dabd-468c-8991-4d524a481a38
[debug] [2024-12-22T09:07:38.277Z] Checked if tokens are valid: true, expires at: 1734860917894
[debug] [2024-12-22T09:07:38.277Z] Checked if tokens are valid: true, expires at: 1734860917894
[debug] [2024-12-22T09:07:38.277Z] >>> [apiv2][query] GET https://firebaserules.googleapis.com/v1/projects/de-lit-web/rulesets/26e75293-dabd-468c-8991-4d524a481a38 [none]
[debug] [2024-12-22T09:07:40.092Z] <<< [apiv2][status] GET https://firebaserules.googleapis.com/v1/projects/de-lit-web/rulesets/26e75293-dabd-468c-8991-4d524a481a38 200
[debug] [2024-12-22T09:07:40.093Z] <<< [apiv2][body] GET https://firebaserules.googleapis.com/v1/projects/de-lit-web/rulesets/26e75293-dabd-468c-8991-4d524a481a38 [omitted]
[info] 
[info] Firestore indexes allow you to perform complex queries while
[info] maintaining performance that scales with the size of the result
[info] set. You can keep index definitions in your project directory
[info] and publish them with firebase deploy.
[info] 
[debug] [2024-12-22T09:07:42.447Z] Checked if tokens are valid: true, expires at: 1734860917894
[debug] [2024-12-22T09:07:42.448Z] Checked if tokens are valid: true, expires at: 1734860917894
[debug] [2024-12-22T09:07:42.448Z] Checked if tokens are valid: true, expires at: 1734860917894
[debug] [2024-12-22T09:07:42.448Z] Checked if tokens are valid: true, expires at: 1734860917894
[debug] [2024-12-22T09:07:42.448Z] >>> [apiv2][query] GET https://firestore.googleapis.com/v1/projects/de-lit-web/databases/de-lit-db/collectionGroups/-/indexes [none]
[debug] [2024-12-22T09:07:42.452Z] >>> [apiv2][query] GET https://firestore.googleapis.com/v1/projects/de-lit-web/databases/de-lit-db/collectionGroups/-/fields?filter=indexConfig.usesAncestorConfig=false OR ttlConfig:* [none]
[debug] [2024-12-22T09:07:44.939Z] <<< [apiv2][status] GET https://firestore.googleapis.com/v1/projects/de-lit-web/databases/de-lit-db/collectionGroups/-/indexes 200
[debug] [2024-12-22T09:07:44.939Z] <<< [apiv2][body] GET https://firestore.googleapis.com/v1/projects/de-lit-web/databases/de-lit-db/collectionGroups/-/indexes {}
[debug] [2024-12-22T09:07:45.211Z] <<< [apiv2][status] GET https://firestore.googleapis.com/v1/projects/de-lit-web/databases/de-lit-db/collectionGroups/-/fields?filter=indexConfig.usesAncestorConfig=false OR ttlConfig:* 200
[debug] [2024-12-22T09:07:45.211Z] <<< [apiv2][body] GET https://firestore.googleapis.com/v1/projects/de-lit-web/databases/de-lit-db/collectionGroups/-/fields?filter=indexConfig.usesAncestorConfig=false OR ttlConfig:* {"fields":[{"name":"projects/de-lit-web/databases/de-lit-db/collectionGroups/__default__/fields/*","indexConfig":{"indexes":[{"queryScope":"COLLECTION","fields":[{"fieldPath":"*","order":"ASCENDING"}],"state":"READY"},{"queryScope":"COLLECTION","fields":[{"fieldPath":"*","order":"DESCENDING"}],"state":"READY"},{"queryScope":"COLLECTION","fields":[{"fieldPath":"*","arrayConfig":"CONTAINS"}],"state":"READY"}]}}]}
[info] 
=== Genkit Setup
[debug] [2024-12-22T09:08:54.997Z] ----------------------------------------------------------------------
[debug] [2024-12-22T09:08:55.000Z] Command:       C:\Program Files\nodejs\node.exe C:\Users\phani\AppData\Roaming\npm\node_modules\firebase-tools\lib\bin\firebase.js init functions
[debug] [2024-12-22T09:08:55.001Z] CLI Version:   13.29.1
[debug] [2024-12-22T09:08:55.001Z] Platform:      win32
[debug] [2024-12-22T09:08:55.002Z] Node Version:  v20.18.0
[debug] [2024-12-22T09:08:55.002Z] Time:          Sun Dec 22 2024 14:38:55 GMT+0530 (India Standard Time)
[debug] [2024-12-22T09:08:55.002Z] ----------------------------------------------------------------------
[debug] 
[debug] [2024-12-22T09:08:55.011Z] > command requires scopes: ["email","openid","https://www.googleapis.com/auth/cloudplatformprojects.readonly","https://www.googleapis.com/auth/firebase","https://www.googleapis.com/auth/cloud-platform"]
[debug] [2024-12-22T09:08:55.012Z] > authorizing via signed-in user (de-lit.club@rguktrkv.ac.in)
[info] 
     ######## #### ########  ######## ########     ###     ######  ########
     ##        ##  ##     ## ##       ##     ##  ##   ##  ##       ##
     ######    ##  ########  ######   ########  #########  ######  ######
     ##        ##  ##    ##  ##       ##     ## ##     ##       ## ##
     ##       #### ##     ## ######## ########  ##     ##  ######  ########

You're about to initialize a Firebase project in this directory:

  C:\Users\phani\Projects\de-lit-backend

[info] 
=== Project Setup
[info] 
[info] First, let's associate this project directory with a Firebase project.
[info] You can create multiple project aliases by running firebase use --add, 
[info] but for now we'll just set up a default project.
[info] 
[debug] [2024-12-22T09:09:01.013Z] Checked if tokens are valid: true, expires at: 1734860917894
[debug] [2024-12-22T09:09:01.013Z] Checked if tokens are valid: true, expires at: 1734860917894
[debug] [2024-12-22T09:09:01.016Z] >>> [apiv2][query] GET https://firebase.googleapis.com/v1beta1/projects pageSize=100
[debug] [2024-12-22T09:09:04.603Z] <<< [apiv2][status] GET https://firebase.googleapis.com/v1beta1/projects 200
[debug] [2024-12-22T09:09:04.603Z] <<< [apiv2][body] GET https://firebase.googleapis.com/v1beta1/projects [omitted]
[info] i  Using project de-lit-web (De-Lit-web) 
[info] 
=== Functions Setup
[debug] [2024-12-22T09:09:06.707Z] > command requires scopes: ["email","openid","https://www.googleapis.com/auth/cloudplatformprojects.readonly","https://www.googleapis.com/auth/firebase","https://www.googleapis.com/auth/cloud-platform"]
[debug] [2024-12-22T09:09:06.708Z] > authorizing via signed-in user (de-lit.club@rguktrkv.ac.in)
[debug] [2024-12-22T09:09:06.708Z] [iam] checking project de-lit-web for permissions ["firebase.projects.get"]
[debug] [2024-12-22T09:09:06.708Z] Checked if tokens are valid: true, expires at: 1734860917894
[debug] [2024-12-22T09:09:06.709Z] Checked if tokens are valid: true, expires at: 1734860917894
[debug] [2024-12-22T09:09:06.709Z] >>> [apiv2][query] POST https://cloudresourcemanager.googleapis.com/v1/projects/de-lit-web:testIamPermissions [none]
[debug] [2024-12-22T09:09:06.709Z] >>> [apiv2][(partial)header] POST https://cloudresourcemanager.googleapis.com/v1/projects/de-lit-web:testIamPermissions x-goog-quota-user=projects/de-lit-web
[debug] [2024-12-22T09:09:06.709Z] >>> [apiv2][body] POST https://cloudresourcemanager.googleapis.com/v1/projects/de-lit-web:testIamPermissions {"permissions":["firebase.projects.get"]}
[debug] [2024-12-22T09:09:13.047Z] <<< [apiv2][status] POST https://cloudresourcemanager.googleapis.com/v1/projects/de-lit-web:testIamPermissions 200
[debug] [2024-12-22T09:09:13.047Z] <<< [apiv2][body] POST https://cloudresourcemanager.googleapis.com/v1/projects/de-lit-web:testIamPermissions {"permissions":["firebase.projects.get"]}
[debug] [2024-12-22T09:09:13.048Z] Checked if tokens are valid: true, expires at: 1734860917894
[debug] [2024-12-22T09:09:13.048Z] Checked if tokens are valid: true, expires at: 1734860917894
[debug] [2024-12-22T09:09:13.048Z] Checked if tokens are valid: true, expires at: 1734860917894
[debug] [2024-12-22T09:09:13.048Z] Checked if tokens are valid: true, expires at: 1734860917894
[debug] [2024-12-22T09:09:13.049Z] >>> [apiv2][query] GET https://serviceusage.googleapis.com/v1/projects/de-lit-web/services/cloudfunctions.googleapis.com [none]
[debug] [2024-12-22T09:09:13.049Z] >>> [apiv2][(partial)header] GET https://serviceusage.googleapis.com/v1/projects/de-lit-web/services/cloudfunctions.googleapis.com x-goog-quota-user=projects/de-lit-web
[debug] [2024-12-22T09:09:13.051Z] >>> [apiv2][query] GET https://serviceusage.googleapis.com/v1/projects/de-lit-web/services/runtimeconfig.googleapis.com [none]
[debug] [2024-12-22T09:09:13.051Z] >>> [apiv2][(partial)header] GET https://serviceusage.googleapis.com/v1/projects/de-lit-web/services/runtimeconfig.googleapis.com x-goog-quota-user=projects/de-lit-web
[debug] [2024-12-22T09:09:19.686Z] <<< [apiv2][status] GET https://serviceusage.googleapis.com/v1/projects/de-lit-web/services/runtimeconfig.googleapis.com 200
[debug] [2024-12-22T09:09:19.687Z] <<< [apiv2][body] GET https://serviceusage.googleapis.com/v1/projects/de-lit-web/services/runtimeconfig.googleapis.com [omitted]
[debug] [2024-12-22T09:09:19.703Z] <<< [apiv2][status] GET https://serviceusage.googleapis.com/v1/projects/de-lit-web/services/cloudfunctions.googleapis.com 200
[debug] [2024-12-22T09:09:19.704Z] <<< [apiv2][body] GET https://serviceusage.googleapis.com/v1/projects/de-lit-web/services/cloudfunctions.googleapis.com [omitted]
[debug] [2024-12-22T09:09:19.704Z] Checked if tokens are valid: true, expires at: 1734860917894
[debug] [2024-12-22T09:09:19.704Z] Checked if tokens are valid: true, expires at: 1734860917894
[debug] [2024-12-22T09:09:19.704Z] >>> [apiv2][query] POST https://serviceusage.googleapis.com/v1/projects/de-lit-web/services/cloudfunctions.googleapis.com:enable [none]
[debug] [2024-12-22T09:09:19.704Z] >>> [apiv2][(partial)header] POST https://serviceusage.googleapis.com/v1/projects/de-lit-web/services/cloudfunctions.googleapis.com:enable x-goog-quota-user=projects/de-lit-web
[debug] [2024-12-22T09:09:20.536Z] <<< [apiv2][status] POST https://serviceusage.googleapis.com/v1/projects/de-lit-web/services/cloudfunctions.googleapis.com:enable 200
[debug] [2024-12-22T09:09:20.536Z] <<< [apiv2][body] POST https://serviceusage.googleapis.com/v1/projects/de-lit-web/services/cloudfunctions.googleapis.com:enable [omitted]
[debug] [2024-12-22T09:09:30.539Z] Checked if tokens are valid: true, expires at: 1734860917894
[debug] [2024-12-22T09:09:30.540Z] Checked if tokens are valid: true, expires at: 1734860917894
[debug] [2024-12-22T09:09:30.540Z] >>> [apiv2][query] GET https://serviceusage.googleapis.com/v1/projects/de-lit-web/services/cloudfunctions.googleapis.com [none]
[debug] [2024-12-22T09:09:30.540Z] >>> [apiv2][(partial)header] GET https://serviceusage.googleapis.com/v1/projects/de-lit-web/services/cloudfunctions.googleapis.com x-goog-quota-user=projects/de-lit-web
[debug] [2024-12-22T09:09:32.770Z] <<< [apiv2][status] GET https://serviceusage.googleapis.com/v1/projects/de-lit-web/services/cloudfunctions.googleapis.com 200
[debug] [2024-12-22T09:09:32.771Z] <<< [apiv2][body] GET https://serviceusage.googleapis.com/v1/projects/de-lit-web/services/cloudfunctions.googleapis.com [omitted]
[info] Let's create a new codebase for your functions.
[info] A directory corresponding to the codebase will be created in your project
[info] with sample code pre-configured.

[info] See https://firebase.google.com/docs/functions/organize-functions for
[info] more information on organizing your functions using codebases.

[info] Functions can be deployed with firebase deploy.

[info] +  Wrote functions/requirements.txt 
[info] +  Wrote functions/.gitignore 
[info] +  Wrote functions/main.py 
[debug] [2024-12-22T09:09:55.882Z] Running command with virtualenv: command="C:\Users\phani\Projects\de-lit-backend\functions\venv\Scripts\activate.bat", args=["","&&","pip3","install","--upgrade","pip"]
[debug] [2024-12-22T09:10:02.707Z] Error: spawn "C:\Users\phani\Projects\de-lit-backend\functions\venv\Scripts\activate.bat" ENOENT
    at notFoundError (C:\Users\phani\AppData\Roaming\npm\node_modules\firebase-tools\node_modules\cross-spawn\lib\enoent.js:6:26)
    at verifyENOENT (C:\Users\phani\AppData\Roaming\npm\node_modules\firebase-tools\node_modules\cross-spawn\lib\enoent.js:40:16)
    at cp.emit (C:\Users\phani\AppData\Roaming\npm\node_modules\firebase-tools\node_modules\cross-spawn\lib\enoent.js:27:25)
    at ChildProcess._handle.onexit (node:internal/child_process:294:12)
[error] 
[error] Error: An unexpected error has occurred.
